<?xml version="1.0" encoding="UTF-8"?>
<!-- Generated by org.testng.reporters.JUnitXMLReporter -->
<testsuite ignored="0" hostname="DESKTOP-7JQP337" failures="0" tests="3" name="Default test" time="28.959" errors="0" timestamp="2023-07-23T13:29:10 IST">
  <testcase classname="tests.Login" name="loginApplication" time="1.451"/>
  <testcase classname="tests.Login" name="loginApplication" time="11.113"/>
  <testcase classname="tests.Login" name="loginApplication" time="1.366"/>
</testsuite> <!-- Default test -->
